Build started 29/04/2013 11:56:53.
     1>Project "C:\Users\Marc\Documents\Depots\plazza\Project\Plazza\Plazza.vcxproj" on node 2 (build target(s)).
     1>PrepareForBuild:
         Creating directory "C:\Users\Marc\Documents\Depots\plazza\Project\Debug\".
       InitializeBuildStatus:
         Creating "Debug\Plazza.unsuccessfulbuild" because "AlwaysCreate" was specified.
       ClCompile:
         C:\Program Files (x86)\Microsoft Visual Studio 10.0\VC\bin\CL.exe /c /ZI /nologo /W3 /WX- /Od /Oy- /D _MBCS /Gm /EHsc /RTC1 /MDd /GS /fp:precise /Zc:wchar_t /Zc:forScope /Fo"Debug\\" /Fd"Debug\vc100.pdb" /Gd /TP /analyze- /errorReport:prompt src\Main.cpp src\Windows\CFSWindows.cpp
         CFSWindows.cpp
         Main.cpp
         Generating Code...
       Link:
         C:\Program Files (x86)\Microsoft Visual Studio 10.0\VC\bin\link.exe /ERRORREPORT:PROMPT /OUT:"C:\Users\Marc\Documents\Depots\plazza\Project\Debug\Plazza.exe" /NOLOGO kernel32.lib user32.lib gdi32.lib winspool.lib comdlg32.lib advapi32.lib shell32.lib ole32.lib oleaut32.lib uuid.lib odbc32.lib odbccp32.lib /MANIFEST /ManifestFile:"Debug\Plazza.exe.intermediate.manifest" /MANIFESTUAC:"level='asInvoker' uiAccess='false'" /DEBUG /PDB:"C:\Users\Marc\Documents\Depots\plazza\Project\Debug\Plazza.pdb" /SUBSYSTEM:CONSOLE /TLBID:1 /DYNAMICBASE /NXCOMPAT /IMPLIB:"C:\Users\Marc\Documents\Depots\plazza\Project\Debug\Plazza.lib" /MACHINE:X86 Debug\Main.obj
         Debug\CFSWindows.obj
         Plazza.vcxproj -> C:\Users\Marc\Documents\Depots\plazza\Project\Debug\Plazza.exe
       Manifest:
         C:\Program Files (x86)\Microsoft SDKs\Windows\v7.0A\bin\mt.exe /nologo /verbose /outputresource:"C:\Users\Marc\Documents\Depots\plazza\Project\Debug\Plazza.exe;#1" /manifest Debug\Plazza.exe.intermediate.manifest
       FinalizeBuildStatus:
         Deleting file "Debug\Plazza.unsuccessfulbuild".
         Touching "Debug\Plazza.lastbuildstate".
     1>Done Building Project "C:\Users\Marc\Documents\Depots\plazza\Project\Plazza\Plazza.vcxproj" (build target(s)).

Build succeeded.

Time Elapsed 00:00:11.45
